<?xml version="1.0" encoding="UTF-8"?>
<!-- Generated by org.testng.reporters.JUnitReportReporter -->
<testsuite hostname="kiran-PC" name="TestAppium" tests="1" failures="0" timestamp="31 Oct 2017 19:02:37 GMT" time="118.555" errors="0">
  <testcase name="appiumExampleTest" time="118.555" classname="TestAppium"/>
</testsuite> <!-- TestAppium -->
